Arguments: 
  C:\Program Files\nodejs\node.exe C:\Users\Jasim Mehdi Ali Khan\AppData\Roaming\npm\node_modules\yarn\bin\yarn.js add jquery pooper.js bootstrap @fortawesome/fontawesome-free

PATH: 
  C:\Program Files (x86)\Common Files\Oracle\Java\javapath;C:\WINDOWS\system32;C:\WINDOWS;C:\WINDOWS\System32\Wbem;C:\WINDOWS\System32\WindowsPowerShell\v1.0\;C:\WINDOWS\System32\OpenSSH\;C:\Program Files\Java\jdk-12.0.1\bin;C:\Program Files (x86)\Microsoft SQL Server\150\DTS\Binn\;C:\Program Files\Git\cmd;C:\Program Files\Git\mingw64\bin;C:\Program Files\Git\usr\bin;C:\Program Files\nodejs;C:\blp\DAPI;C:\blp\DAPI\DDE;C:\Users\Jasim Mehdi Ali Khan\AppData\Local\Microsoft\WindowsApps;C:\Users\Jasim Mehdi Ali Khan\AppData\Local\Programs\Microsoft VS Code\bin;C:\Users\Jasim Mehdi Ali Khan\AppData\Roaming\npm;C:\Program Files\nodejs;

Yarn version: 
  1.21.1

Node version: 
  13.6.0

Platform: 
  win32 x64

Trace: 
  Error: https://registry.yarnpkg.com/pooper.js: Not found
      at Request.params.callback [as _callback] (C:\Users\Jasim Mehdi Ali Khan\AppData\Roaming\npm\node_modules\yarn\lib\cli.js:66947:18)
      at Request.self.callback (C:\Users\Jasim Mehdi Ali Khan\AppData\Roaming\npm\node_modules\yarn\lib\cli.js:140665:22)
      at Request.emit (events.js:321:20)
      at Request.<anonymous> (C:\Users\Jasim Mehdi Ali Khan\AppData\Roaming\npm\node_modules\yarn\lib\cli.js:141637:10)
      at Request.emit (events.js:321:20)
      at IncomingMessage.<anonymous> (C:\Users\Jasim Mehdi Ali Khan\AppData\Roaming\npm\node_modules\yarn\lib\cli.js:141559:12)
      at Object.onceWrapper (events.js:427:28)
      at IncomingMessage.emit (events.js:333:22)
      at endReadableNT (_stream_readable.js:1220:12)
      at processTicksAndRejections (internal/process/task_queues.js:84:21)

npm manifest: 
  {
    "name": "webd6201-lesson2b",
    "version": "1.0.0",
    "description": "Demo Project for WEBD6201 - Lesson 2",
    "main": "app.js",
    "repository": "Jasim Khan",
    "author": "Jasim Khan",
    "license": "MIT"
  }

yarn manifest: 
  No manifest

Lockfile: 
  No lockfile
